Starting cli --quiet
2016-09-19 09:25:35,463 - mycroft.configuration - DEBUG - Configuration '/home/paul/Apiaro/Core/mycroft/configuration/mycroft.ini' loaded
2016-09-19 09:25:35,463 - mycroft.configuration - DEBUG - Configuration '/etc/mycroft/mycroft.ini' not found
2016-09-19 09:25:35,464 - mycroft.configuration - DEBUG - Configuration '/home/paul/.mycroft/mycroft.ini' not found
2016-09-19 09:25:35,465 - mycroft.configuration - DEBUG - Device not paired, cannot retrieve remote configuration.
2016-09-19 09:25:35,664 - mycroft.tts - DEBUG - TTS: <class 'mycroft.tts.mimic_tts.Mimic'>
2016-09-19 09:25:35,665 - mycroft.tts - DEBUG - Filename: /tmp/tts.wav
  Carnegie Mellon University, Copyright (c) 1999-2011, all rights reserved
  version: mimic-2.0.0-release Dec 2014 (http://cmuflite.org)
Input:
2016-09-19 09:25:35,883 - mycroft.messagebus.client.ws - INFO - Connected
Starting cli --quiet
2016-09-19 09:57:25,371 - mycroft.configuration - DEBUG - Configuration '/home/paul/Core/mycroft/configuration/mycroft.ini' loaded
2016-09-19 09:57:25,372 - mycroft.configuration - DEBUG - Configuration '/etc/mycroft/mycroft.ini' not found
2016-09-19 09:57:25,372 - mycroft.configuration - DEBUG - Configuration '/home/paul/.mycroft/mycroft.ini' not found
2016-09-19 09:57:25,393 - requests.packages.urllib3.connectionpool - INFO - Starting new HTTPS connection (1): cerberus.mycroft.ai
2016-09-19 09:57:27,100 - mycroft.configuration - ERROR - Failed to fetch remote configuration: ConnectionError(MaxRetryError("HTTPSConnectionPool(host='cerberus.mycroft.ai', port=443): Max retries exceeded with url: /user (Caused by NewConnectionError('<requests.packages.urllib3.connection.VerifiedHTTPSConnection object at 0x7f2d549e3610>: Failed to establish a new connection: [Errno 113] No route to host',))",),)
2016-09-19 09:57:27,164 - mycroft.tts - DEBUG - TTS: <class 'mycroft.tts.mimic_tts.Mimic'>
2016-09-19 09:57:27,164 - mycroft.tts - DEBUG - Filename: /tmp/tts.wav
  Carnegie Mellon University, Copyright (c) 1999-2011, all rights reserved
  version: mimic-2.0.0-release Dec 2014 (http://cmuflite.org)
Input:
2016-09-19 09:57:27,215 - mycroft.messagebus.client.ws - INFO - Connected
/home/paul/Apiaro/Core/start.sh: line 26: 19114 Terminated              PYTHONPATH=${TOP} python ${SCRIPT} $@
/home/paul/Core/start.sh: line 26: 19695 Terminated              PYTHONPATH=${TOP} python ${SCRIPT} $@
Starting cli --quiet
2016-09-19 09:58:31,175 - mycroft.configuration - DEBUG - Configuration '/home/paul/Core/mycroft/configuration/mycroft.ini' loaded
2016-09-19 09:58:31,176 - mycroft.configuration - DEBUG - Configuration '/etc/mycroft/mycroft.ini' not found
2016-09-19 09:58:31,176 - mycroft.configuration - DEBUG - Configuration '/home/paul/.mycroft/mycroft.ini' not found
2016-09-19 09:58:31,193 - requests.packages.urllib3.connectionpool - INFO - Starting new HTTPS connection (1): cerberus.mycroft.ai
2016-09-19 09:58:33,006 - requests.packages.urllib3.connectionpool - DEBUG - "GET /user HTTP/1.1" 200 1107
2016-09-19 09:58:33,014 - mycroft.configuration - INFO - Accepting remote configuration: core[lang] == en-us
2016-09-19 09:58:33,021 - mycroft.configuration - INFO - Accepting remote configuration: core[location] == Manila, Philippines
2016-09-19 09:58:33,021 - mycroft.configuration - INFO - Accepting remote configuration: core[timezone] == Asia/Manila
2016-09-19 09:58:33,074 - mycroft.tts - DEBUG - TTS: <class 'mycroft.tts.mimic_tts.Mimic'>
2016-09-19 09:58:33,075 - mycroft.tts - DEBUG - Filename: /tmp/tts.wav
  Carnegie Mellon University, Copyright (c) 1999-2011, all rights reserved
  version: mimic-2.0.0-release Dec 2014 (http://cmuflite.org)
Input:
2016-09-19 09:58:33,136 - mycroft.messagebus.client.ws - INFO - Connected
/home/paul/Core/start.sh: line 26: 19835 Terminated              PYTHONPATH=${TOP} python ${SCRIPT} $@
Starting cli --quiet
2016-09-19 10:03:20,568 - mycroft.configuration - DEBUG - Configuration '/home/paul/Core/mycroft/configuration/mycroft.ini' loaded
2016-09-19 10:03:20,568 - mycroft.configuration - DEBUG - Configuration '/etc/mycroft/mycroft.ini' not found
2016-09-19 10:03:20,569 - mycroft.configuration - DEBUG - Configuration '/home/paul/.mycroft/mycroft.ini' not found
2016-09-19 10:03:20,585 - requests.packages.urllib3.connectionpool - INFO - Starting new HTTPS connection (1): cerberus.mycroft.ai
2016-09-19 10:03:22,402 - requests.packages.urllib3.connectionpool - DEBUG - "GET /user HTTP/1.1" 200 1107
2016-09-19 10:03:22,425 - mycroft.configuration - INFO - Accepting remote configuration: core[lang] == en-us
2016-09-19 10:03:22,428 - mycroft.configuration - INFO - Accepting remote configuration: core[location] == Manila, Philippines
2016-09-19 10:03:22,431 - mycroft.configuration - INFO - Accepting remote configuration: core[timezone] == Asia/Manila
2016-09-19 10:03:22,494 - mycroft.tts - DEBUG - TTS: <class 'mycroft.tts.mimic_tts.Mimic'>
2016-09-19 10:03:22,497 - mycroft.tts - DEBUG - Filename: /tmp/tts.wav
  Carnegie Mellon University, Copyright (c) 1999-2011, all rights reserved
  version: mimic-2.0.0-release Dec 2014 (http://cmuflite.org)
2016-09-19 10:03:22,556 - mycroft.messagebus.client.ws - INFO - Connected
Input:
/home/paul/Core/start.sh: line 26: 20032 Terminated              PYTHONPATH=${TOP} python ${SCRIPT} $@
