Starting service
Starting service
2016-09-19 09:57:24,828 - requests.packages.urllib3.connectionpool - INFO - Starting new HTTPS connection (1): cerberus.mycroft.ai
2016-09-19 09:57:42,142 - mycroft.configuration - INFO - Accepting remote configuration: core[lang] == en-us
2016-09-19 09:57:42,142 - mycroft.configuration - INFO - Accepting remote configuration: core[location] == Manila, Philippines
2016-09-19 09:57:42,143 - mycroft.configuration - INFO - Accepting remote configuration: core[timezone] == Asia/Manila
Traceback (most recent call last):
  File "/home/paul/Core/mycroft/messagebus/service/main.py", line 62, in <module>
    main()
  File "/home/paul/Core/mycroft/messagebus/service/main.py", line 56, in main
    application.listen(port, host)
  File "/home/paul/.virtualenvs/mycroft/local/lib/python2.7/site-packages/tornado/web.py", line 1788, in listen
    server.listen(port, address)
  File "/home/paul/.virtualenvs/mycroft/local/lib/python2.7/site-packages/tornado/tcpserver.py", line 126, in listen
    sockets = bind_sockets(port, address=address)
  File "/home/paul/.virtualenvs/mycroft/local/lib/python2.7/site-packages/tornado/netutil.py", line 187, in bind_sockets
    sock.bind(sockaddr)
  File "/usr/lib/python2.7/socket.py", line 228, in meth
    return getattr(self._sock,name)(*args)
socket.error: [Errno 98] Address already in use
/home/paul/Apiaro/Core/start.sh: line 26: 19076 Terminated              PYTHONPATH=${TOP} python ${SCRIPT} $@
Starting service
2016-09-19 09:58:28,256 - requests.packages.urllib3.connectionpool - INFO - Starting new HTTPS connection (1): cerberus.mycroft.ai
2016-09-19 09:58:30,042 - mycroft.configuration - INFO - Accepting remote configuration: core[lang] == en-us
2016-09-19 09:58:30,043 - mycroft.configuration - INFO - Accepting remote configuration: core[location] == Manila, Philippines
2016-09-19 09:58:30,043 - mycroft.configuration - INFO - Accepting remote configuration: core[timezone] == Asia/Manila
/home/paul/Core/start.sh: line 26: 19793 Terminated              PYTHONPATH=${TOP} python ${SCRIPT} $@
Starting service
2016-09-19 10:03:17,623 - requests.packages.urllib3.connectionpool - INFO - Starting new HTTPS connection (1): cerberus.mycroft.ai
2016-09-19 10:03:19,406 - mycroft.configuration - INFO - Accepting remote configuration: core[lang] == en-us
2016-09-19 10:03:19,406 - mycroft.configuration - INFO - Accepting remote configuration: core[location] == Manila, Philippines
2016-09-19 10:03:19,407 - mycroft.configuration - INFO - Accepting remote configuration: core[timezone] == Asia/Manila
/home/paul/Core/start.sh: line 26: 19990 Terminated              PYTHONPATH=${TOP} python ${SCRIPT} $@
