Starting voice
2016-09-19 09:25:35,101 - mycroft.configuration - DEBUG - Configuration '/home/paul/Apiaro/Core/mycroft/configuration/mycroft.ini' loaded
2016-09-19 09:25:35,102 - mycroft.configuration - DEBUG - Configuration '/etc/mycroft/mycroft.ini' not found
2016-09-19 09:25:35,102 - mycroft.configuration - DEBUG - Configuration '/home/paul/.mycroft/mycroft.ini' not found
2016-09-19 09:25:35,117 - mycroft.configuration - DEBUG - Device not paired, cannot retrieve remote configuration.
2016-09-19 09:25:37,776 - mycroft.tts - DEBUG - TTS: <class 'mycroft.tts.mimic_tts.Mimic'>
2016-09-19 09:25:37,777 - mycroft.tts - DEBUG - Filename: /tmp/tts.wav
  Carnegie Mellon University, Copyright (c) 1999-2011, all rights reserved
  version: mimic-2.0.0-release Dec 2014 (http://cmuflite.org)
ALSA lib pcm_dsnoop.c:606:(snd_pcm_dsnoop_open) unable to open slave
ALSA lib pcm_dmix.c:1029:(snd_pcm_dmix_open) unable to open slave
ALSA lib pcm.c:2266:(snd_pcm_open_noupdate) Unknown PCM cards.pcm.rear
ALSA lib pcm.c:2266:(snd_pcm_open_noupdate) Unknown PCM cards.pcm.center_lfe
ALSA lib pcm.c:2266:(snd_pcm_open_noupdate) Unknown PCM cards.pcm.side
ALSA lib pcm_dmix.c:1029:(snd_pcm_dmix_open) unable to open slave
2016-09-19 09:25:38,748 - mycroft.messagebus.client.ws - INFO - Connected
/bin/sh: 1: cannot create /dev/ttyAMA0: Permission denied
2016-09-19 09:25:40,272 - mycroft.client.speech.mic - DEBUG - Waiting for wake word...
2016-09-19 09:25:52,788 - mycroft.client.speech.mic - DEBUG - Recording...
2016-09-19 09:25:52,789 - SpeechClient - INFO - Begin Recording...
2016-09-19 09:25:58,783 - SpeechClient - INFO - End Recording...
2016-09-19 09:25:58,785 - mycroft.client.speech.mic - DEBUG - Thinking...
2016-09-19 09:25:58,786 - mycroft.session - INFO - New Session Start: c5f0212d-b168-400e-ba1e-2bab86f85feb
2016-09-19 09:25:58,788 - SpeechClient - INFO - Wakeword Detected: hey mycroft
2016-09-19 09:25:58,791 - mycroft.client.speech.mic - DEBUG - Waiting for wake word...
2016-09-19 09:25:59,116 - requests.packages.urllib3.connectionpool - INFO - Starting new HTTPS connection (1): cerberus.mycroft.ai
2016-09-19 09:26:03,805 - requests.packages.urllib3.connectionpool - DEBUG - "POST /stt/google_v2?language=en-US&version=dev-c653c43 HTTP/1.1" 401 75
2016-09-19 09:26:03,813 - mycroft.client.speech.listener - ERROR - AccessDenied from Cerberus proxy.
2016-09-19 09:26:03,818 - SpeechClient - INFO - Speak: Your device is not registered yet.
Playing WAVE '/tmp/mimic.wav' : Signed 16 bit Little Endian, Rate 44100 Hz, Mono
2016-09-19 09:26:08,564 - SpeechClient - INFO - Speak: To start pairing, login at cerberus dot mycroft dot A.I
Playing WAVE '/tmp/mimic.wav' : Signed 16 bit Little Endian, Rate 44100 Hz, Mono
2016-09-19 09:26:15,909 - SpeechClient - INFO - Utterance: ['pair my device']
2016-09-19 09:26:16,038 - SpeechClient - INFO - Speak: Enter your pairing code into the device registration page.
Playing WAVE '/tmp/mimic.wav' : Signed 16 bit Little Endian, Rate 44100 Hz, Mono
2016-09-19 09:26:22,610 - SpeechClient - INFO - Speak: F, ,F, ,1, ,0, ,E, ,9
Playing WAVE '/tmp/mimic.wav' : Signed 16 bit Little Endian, Rate 44100 Hz, Mono
2016-09-19 09:27:45,894 - mycroft.client.speech.mic - DEBUG - Recording...
2016-09-19 09:27:45,894 - SpeechClient - INFO - Begin Recording...
2016-09-19 09:27:51,884 - SpeechClient - INFO - End Recording...
2016-09-19 09:27:51,885 - mycroft.client.speech.mic - DEBUG - Thinking...
2016-09-19 09:27:51,889 - SpeechClient - INFO - Wakeword Detected: hey mycroft
2016-09-19 09:27:51,905 - mycroft.client.speech.mic - DEBUG - Waiting for wake word...
2016-09-19 09:27:52,023 - requests.packages.urllib3.connectionpool - INFO - Starting new HTTPS connection (1): cerberus.mycroft.ai
2016-09-19 09:27:56,253 - requests.packages.urllib3.connectionpool - DEBUG - "POST /stt/google_v2?language=en-US&version=dev-c653c43 HTTP/1.1" 200 209
2016-09-19 09:27:56,262 - RecognizerWrapper - INFO - STT JSON: {"alternative": [{"confidence": 0.98245889, "transcript": "what time is it what time is it"}, {"transcript": "what time is it time is it"}, {"transcript": "what time is it what time is it in"}], "final": true}
2016-09-19 09:27:56,263 - mycroft.client.speech.listener - DEBUG - STT: what time is it what time is it
2016-09-19 09:27:56,263 - SpeechClient - INFO - Utterance: [u'what time is it what time is it']
2016-09-19 09:27:57,171 - SpeechClient - INFO - Speak: It is currently 09:27, AM
Playing WAVE '/tmp/mimic.wav' : Signed 16 bit Little Endian, Rate 44100 Hz, Mono
^C2016-09-19 09:28:04,447 - mycroft.client.speech.listener - ERROR - 
Starting voice
2016-09-19 09:57:24,846 - mycroft.configuration - DEBUG - Configuration '/home/paul/Core/mycroft/configuration/mycroft.ini' loaded
2016-09-19 09:57:24,847 - mycroft.configuration - DEBUG - Configuration '/etc/mycroft/mycroft.ini' not found
2016-09-19 09:57:24,847 - mycroft.configuration - DEBUG - Configuration '/home/paul/.mycroft/mycroft.ini' not found
2016-09-19 09:57:24,868 - requests.packages.urllib3.connectionpool - INFO - Starting new HTTPS connection (1): cerberus.mycroft.ai
2016-09-19 09:57:32,332 - mycroft.configuration - ERROR - Failed to fetch remote configuration: ConnectionError(MaxRetryError("HTTPSConnectionPool(host='cerberus.mycroft.ai', port=443): Max retries exceeded with url: /user (Caused by NewConnectionError('<requests.packages.urllib3.connection.VerifiedHTTPSConnection object at 0x7fe7b5365310>: Failed to establish a new connection: [Errno 113] No route to host',))",),)
2016-09-19 09:57:33,512 - mycroft.tts - DEBUG - TTS: <class 'mycroft.tts.mimic_tts.Mimic'>
2016-09-19 09:57:33,513 - mycroft.tts - DEBUG - Filename: /tmp/tts.wav
  Carnegie Mellon University, Copyright (c) 1999-2011, all rights reserved
  version: mimic-2.0.0-release Dec 2014 (http://cmuflite.org)
ALSA lib pcm_dsnoop.c:606:(snd_pcm_dsnoop_open) unable to open slave
ALSA lib pcm_dmix.c:1029:(snd_pcm_dmix_open) unable to open slave
ALSA lib pcm.c:2266:(snd_pcm_open_noupdate) Unknown PCM cards.pcm.rear
ALSA lib pcm.c:2266:(snd_pcm_open_noupdate) Unknown PCM cards.pcm.center_lfe
ALSA lib pcm.c:2266:(snd_pcm_open_noupdate) Unknown PCM cards.pcm.side
ALSA lib pcm_dmix.c:1029:(snd_pcm_dmix_open) unable to open slave
2016-09-19 09:57:34,204 - mycroft.messagebus.client.ws - INFO - Connected
/bin/sh: 1: cannot create /dev/ttyAMA0: Permission denied
2016-09-19 09:57:35,282 - mycroft.client.speech.mic - DEBUG - Waiting for wake word...
^[[A^[[A^[[A^[[A^[[A^[[A^[[A^[[A^[[A^[[A^[[A^[[A2016-09-19 09:57:51,849 - mycroft.client.speech.mic - DEBUG - Recording...
2016-09-19 09:57:51,850 - SpeechClient - INFO - Begin Recording...
2016-09-19 09:57:57,532 - SpeechClient - INFO - End Recording...
2016-09-19 09:57:57,534 - mycroft.client.speech.mic - DEBUG - Thinking...
2016-09-19 09:57:57,535 - mycroft.session - INFO - New Session Start: d299de02-38c1-4f3f-b5ff-e8e29be251c8
2016-09-19 09:57:57,536 - SpeechClient - INFO - Wakeword Detected: hey irene
2016-09-19 09:57:57,538 - mycroft.client.speech.mic - DEBUG - Waiting for wake word...
2016-09-19 09:57:57,685 - requests.packages.urllib3.connectionpool - INFO - Starting new HTTPS connection (1): cerberus.mycroft.ai
2016-09-19 09:58:01,884 - requests.packages.urllib3.connectionpool - DEBUG - "POST /stt/google_v2?language=en-US&version=dev-c653c43 HTTP/1.1" 200 163
2016-09-19 09:58:01,894 - RecognizerWrapper - INFO - STT JSON: {"alternative": [{"confidence": 0.98267895, "transcript": "what time is it what time is it"}, {"transcript": "what time is it what time is it in"}], "final": true}
2016-09-19 09:58:01,897 - mycroft.client.speech.listener - DEBUG - STT: what time is it what time is it
2016-09-19 09:58:01,898 - SpeechClient - INFO - Utterance: [u'what time is it what time is it']
2016-09-19 09:58:02,012 - SpeechClient - INFO - Speak: It is currently 09:58, AM
Playing WAVE '/tmp/mimic.wav' : Signed 16 bit Little Endian, Rate 16000 Hz, Mono
2016-09-19 09:58:06,405 - SpeechClient - INFO - Speak: It is currently 09:58, AM
Playing WAVE '/tmp/mimic.wav' : Signed 16 bit Little Endian, Rate 16000 Hz, Mono
2016-09-19 09:58:09,607 - SpeechClient - INFO - Speak: It is currently 09:58, AM
Playing WAVE '/tmp/mimic.wav' : Signed 16 bit Little Endian, Rate 16000 Hz, Mono
^CAborted by signal Interrupt...
aplay: pcm_write:1940: write error: Interrupted system call
2016-09-19 09:58:11,493 - mycroft.client.speech.listener - ERROR - 
Starting voice
2016-09-19 09:58:30,164 - mycroft.configuration - DEBUG - Configuration '/home/paul/Core/mycroft/configuration/mycroft.ini' loaded
2016-09-19 09:58:30,165 - mycroft.configuration - DEBUG - Configuration '/etc/mycroft/mycroft.ini' not found
2016-09-19 09:58:30,165 - mycroft.configuration - DEBUG - Configuration '/home/paul/.mycroft/mycroft.ini' not found
2016-09-19 09:58:30,186 - requests.packages.urllib3.connectionpool - INFO - Starting new HTTPS connection (1): cerberus.mycroft.ai
2016-09-19 09:58:32,757 - requests.packages.urllib3.connectionpool - DEBUG - "GET /user HTTP/1.1" 200 1107
2016-09-19 09:58:32,766 - mycroft.configuration - INFO - Accepting remote configuration: core[lang] == en-us
2016-09-19 09:58:32,767 - mycroft.configuration - INFO - Accepting remote configuration: core[location] == Manila, Philippines
2016-09-19 09:58:32,767 - mycroft.configuration - INFO - Accepting remote configuration: core[timezone] == Asia/Manila
2016-09-19 09:58:33,479 - mycroft.tts - DEBUG - TTS: <class 'mycroft.tts.mimic_tts.Mimic'>
2016-09-19 09:58:33,479 - mycroft.tts - DEBUG - Filename: /tmp/tts.wav
  Carnegie Mellon University, Copyright (c) 1999-2011, all rights reserved
  version: mimic-2.0.0-release Dec 2014 (http://cmuflite.org)
ALSA lib pcm_dsnoop.c:606:(snd_pcm_dsnoop_open) unable to open slave
ALSA lib pcm_dmix.c:1029:(snd_pcm_dmix_open) unable to open slave
ALSA lib pcm.c:2266:(snd_pcm_open_noupdate) Unknown PCM cards.pcm.rear
ALSA lib pcm.c:2266:(snd_pcm_open_noupdate) Unknown PCM cards.pcm.center_lfe
ALSA lib pcm.c:2266:(snd_pcm_open_noupdate) Unknown PCM cards.pcm.side
ALSA lib pcm_dmix.c:1029:(snd_pcm_dmix_open) unable to open slave
2016-09-19 09:58:33,787 - mycroft.messagebus.client.ws - INFO - Connected
/bin/sh: 1: cannot create /dev/ttyAMA0: Permission denied
2016-09-19 09:58:34,806 - mycroft.client.speech.mic - DEBUG - Waiting for wake word...
2016-09-19 09:58:43,677 - mycroft.client.speech.mic - DEBUG - Recording...
2016-09-19 09:58:43,677 - SpeechClient - INFO - Begin Recording...
2016-09-19 09:58:44,862 - SpeechClient - INFO - End Recording...
2016-09-19 09:58:44,863 - mycroft.client.speech.mic - DEBUG - Thinking...
2016-09-19 09:58:44,864 - mycroft.session - INFO - New Session Start: c789acf2-0304-4c0d-8171-258dfcf3c31c
2016-09-19 09:58:44,868 - SpeechClient - INFO - Wakeword Detected: hey irene
2016-09-19 09:58:44,869 - mycroft.client.speech.mic - DEBUG - Waiting for wake word...
2016-09-19 09:58:44,979 - requests.packages.urllib3.connectionpool - INFO - Starting new HTTPS connection (1): cerberus.mycroft.ai
2016-09-19 09:58:47,626 - requests.packages.urllib3.connectionpool - DEBUG - "POST /stt/google_v2?language=en-US&version=dev-c653c43 HTTP/1.1" 200 236
2016-09-19 09:58:47,640 - RecognizerWrapper - INFO - STT JSON: {"alternative": [{"confidence": 0.98267901, "transcript": "what time is it"}, {"transcript": "what time is it in"}, {"transcript": "what time is the"}, {"transcript": "what time is a"}, {"transcript": "what time is in"}], "final": true}
2016-09-19 09:58:47,641 - mycroft.client.speech.listener - DEBUG - STT: what time is it
2016-09-19 09:58:47,643 - SpeechClient - INFO - Utterance: [u'what time is it']
2016-09-19 09:58:47,821 - SpeechClient - INFO - Speak: It is currently 09:58, AM
Playing WAVE '/tmp/mimic.wav' : Signed 16 bit Little Endian, Rate 16000 Hz, Mono
2016-09-19 09:58:56,461 - mycroft.client.speech.mic - DEBUG - Recording...
2016-09-19 09:58:56,462 - SpeechClient - INFO - Begin Recording...
2016-09-19 09:58:58,332 - SpeechClient - INFO - End Recording...
2016-09-19 09:58:58,333 - mycroft.client.speech.mic - DEBUG - Thinking...
2016-09-19 09:58:58,334 - SpeechClient - INFO - Wakeword Detected: hey irene
2016-09-19 09:58:58,342 - mycroft.client.speech.mic - DEBUG - Waiting for wake word...
2016-09-19 09:58:58,447 - requests.packages.urllib3.connectionpool - INFO - Starting new HTTPS connection (1): cerberus.mycroft.ai
2016-09-19 09:59:01,270 - requests.packages.urllib3.connectionpool - DEBUG - "POST /stt/google_v2?language=en-US&version=dev-c653c43 HTTP/1.1" 200 277
2016-09-19 09:59:01,281 - RecognizerWrapper - INFO - STT JSON: {"alternative": [{"confidence": 0.88195592, "transcript": "tell me about angular 2"}, {"transcript": "tell me about angularjs"}, {"transcript": "tell me about angular day"}, {"transcript": "tell me about angular to"}, {"transcript": "tell me about angular ga"}], "final": true}
2016-09-19 09:59:01,282 - mycroft.client.speech.listener - DEBUG - STT: tell me about angular 2
2016-09-19 09:59:01,282 - SpeechClient - INFO - Utterance: [u'tell me about angular 2']
2016-09-19 09:59:01,332 - SpeechClient - INFO - Speak: All right, I am searching for angular
Playing WAVE '/tmp/mimic.wav' : Signed 16 bit Little Endian, Rate 16000 Hz, Mono
2016-09-19 09:59:07,461 - SpeechClient - INFO - Speak: Would you like to know more about AngularJS, Angular Recording Corporation, Angular artery, Angular bone or Angular incisure
Playing WAVE '/tmp/mimic.wav' : Signed 16 bit Little Endian, Rate 16000 Hz, Mono
2016-09-19 09:59:21,865 - mycroft.client.speech.mic - DEBUG - Recording...
2016-09-19 09:59:21,865 - SpeechClient - INFO - Begin Recording...
2016-09-19 09:59:28,953 - SpeechClient - INFO - End Recording...
2016-09-19 09:59:28,954 - mycroft.client.speech.mic - DEBUG - Thinking...
2016-09-19 09:59:28,955 - mycroft.client.speech.mic - DEBUG - Waiting for wake word...
2016-09-19 09:59:28,956 - SpeechClient - INFO - Wakeword Detected: hey irene
2016-09-19 09:59:29,083 - requests.packages.urllib3.connectionpool - INFO - Starting new HTTPS connection (1): cerberus.mycroft.ai
2016-09-19 09:59:33,604 - requests.packages.urllib3.connectionpool - DEBUG - "POST /stt/google_v2?language=en-US&version=dev-c653c43 HTTP/1.1" 200 276
2016-09-19 09:59:33,613 - RecognizerWrapper - INFO - STT JSON: {"alternative": [{"confidence": 0.98267901, "transcript": "tell me about angularjs"}, {"transcript": "tell me about angular KS"}, {"transcript": "tell me about angular ga"}, {"transcript": "tell me about angular GS"}, {"transcript": "tell me about Angela ga"}], "final": true}
2016-09-19 09:59:33,614 - mycroft.client.speech.listener - DEBUG - STT: tell me about angularjs
2016-09-19 09:59:33,614 - SpeechClient - INFO - Utterance: [u'tell me about angularjs']
2016-09-19 09:59:33,703 - SpeechClient - INFO - Speak: Okay, I am looking for angularjs
Playing WAVE '/tmp/mimic.wav' : Signed 16 bit Little Endian, Rate 16000 Hz, Mono
2016-09-19 09:59:39,327 - SpeechClient - INFO - Speak: AngularJS  is a complete JavaScript-based open-source front-end web application framework mainly maintained by Google and by a community of individuals and corporations to address many of the challenges encountered in developing single-page applications.
Playing WAVE '/tmp/mimic.wav' : Signed 16 bit Little Endian, Rate 16000 Hz, Mono
2016-09-19 09:59:57,532 - SpeechClient - INFO - Speak: The JavaScript components complement PhoneGap, the framework used for developing cross-platform mobile apps.
Playing WAVE '/tmp/mimic.wav' : Signed 16 bit Little Endian, Rate 16000 Hz, Mono
^C2016-09-19 10:00:07,319 - mycroft.client.speech.listener - ERROR - 
Starting voice
2016-09-19 10:03:19,530 - mycroft.configuration - DEBUG - Configuration '/home/paul/Core/mycroft/configuration/mycroft.ini' loaded
2016-09-19 10:03:19,530 - mycroft.configuration - DEBUG - Configuration '/etc/mycroft/mycroft.ini' not found
2016-09-19 10:03:19,531 - mycroft.configuration - DEBUG - Configuration '/home/paul/.mycroft/mycroft.ini' not found
2016-09-19 10:03:19,550 - requests.packages.urllib3.connectionpool - INFO - Starting new HTTPS connection (1): cerberus.mycroft.ai
2016-09-19 10:03:21,477 - requests.packages.urllib3.connectionpool - DEBUG - "GET /user HTTP/1.1" 200 1107
2016-09-19 10:03:21,486 - mycroft.configuration - INFO - Accepting remote configuration: core[lang] == en-us
2016-09-19 10:03:21,488 - mycroft.configuration - INFO - Accepting remote configuration: core[location] == Manila, Philippines
2016-09-19 10:03:21,489 - mycroft.configuration - INFO - Accepting remote configuration: core[timezone] == Asia/Manila
2016-09-19 10:03:22,236 - mycroft.tts - DEBUG - TTS: <class 'mycroft.tts.mimic_tts.Mimic'>
2016-09-19 10:03:22,237 - mycroft.tts - DEBUG - Filename: /tmp/tts.wav
  Carnegie Mellon University, Copyright (c) 1999-2011, all rights reserved
  version: mimic-2.0.0-release Dec 2014 (http://cmuflite.org)
ALSA lib pcm_dsnoop.c:606:(snd_pcm_dsnoop_open) unable to open slave
ALSA lib pcm_dmix.c:1029:(snd_pcm_dmix_open) unable to open slave
ALSA lib pcm.c:2266:(snd_pcm_open_noupdate) Unknown PCM cards.pcm.rear
ALSA lib pcm.c:2266:(snd_pcm_open_noupdate) Unknown PCM cards.pcm.center_lfe
ALSA lib pcm.c:2266:(snd_pcm_open_noupdate) Unknown PCM cards.pcm.side
ALSA lib pcm_dmix.c:1029:(snd_pcm_dmix_open) unable to open slave
2016-09-19 10:03:22,679 - mycroft.messagebus.client.ws - INFO - Connected
/bin/sh: 1: cannot create /dev/ttyAMA0: Permission denied
2016-09-19 10:03:23,700 - mycroft.client.speech.mic - DEBUG - Waiting for wake word...
2016-09-19 10:03:29,450 - mycroft.client.speech.mic - DEBUG - Recording...
2016-09-19 10:03:29,450 - SpeechClient - INFO - Begin Recording...
2016-09-19 10:03:35,412 - SpeechClient - INFO - End Recording...
2016-09-19 10:03:35,413 - mycroft.client.speech.mic - DEBUG - Thinking...
2016-09-19 10:03:35,415 - mycroft.session - INFO - New Session Start: a47c9adb-7767-4ab7-9334-a850d3aea226
2016-09-19 10:03:35,415 - SpeechClient - INFO - Wakeword Detected: hey irene
2016-09-19 10:03:35,417 - mycroft.client.speech.mic - DEBUG - Waiting for wake word...
2016-09-19 10:03:35,533 - requests.packages.urllib3.connectionpool - INFO - Starting new HTTPS connection (1): cerberus.mycroft.ai
2016-09-19 10:03:39,581 - requests.packages.urllib3.connectionpool - DEBUG - "POST /stt/google_v2?language=en-US&version=dev-c653c43 HTTP/1.1" 200 166
2016-09-19 10:03:39,592 - RecognizerWrapper - INFO - STT JSON: {"alternative": [{"confidence": 0.98267901, "transcript": "what time is it"}, {"transcript": "what time is it in"}, {"transcript": "what time is in"}], "final": true}
2016-09-19 10:03:39,593 - mycroft.client.speech.listener - DEBUG - STT: what time is it
2016-09-19 10:03:39,594 - SpeechClient - INFO - Utterance: [u'what time is it']
2016-09-19 10:03:39,738 - SpeechClient - INFO - Speak: It is currently 10:03, AM
Playing WAVE '/tmp/mimic.wav' : Signed 16 bit Little Endian, Rate 16000 Hz, Mono
^C2016-09-19 10:03:50,325 - mycroft.client.speech.listener - ERROR - 
